# JRE version: OpenJDK Runtime Environment Temurin-16.0.2+7 (16.0.2+7) (build 16.0.2+7)
# Java VM: OpenJDK Client VM Temurin-16.0.2+7 (16.0.2+7, mixed mode, serial gc, windows-x86)
GC Precious Log:
 CPUs: 12 total, 12 available
 Memory: 16222M
 Large Page Support: Disabled
 NUMA Support: Disabled
 Compressed Oops: Disabled
 Heap Min Capacity: 6M
 Heap Initial Capacity: 16M
 Heap Max Capacity: 1024M
 Pre-touch: Disabled
Heap:
 def new generation   total 314560K, used 58622K [0x05800000, 0x1ad50000, 0x1ad50000)
  eden space 279616K,  16% used [0x05800000, 0x08648c80, 0x16910000)
  from space 34944K,  33% used [0x16910000, 0x174882a0, 0x18b30000)
  to   space 34944K,   0% used [0x18b30000, 0x18b30000, 0x1ad50000)
 tenured generation   total 699072K, used 547527K [0x1ad50000, 0x45800000, 0x45800000)
   the space 699072K,  78% used [0x1ad50000, 0x3c401f90, 0x3c402000, 0x45800000)
 Metaspace       used 67386K, committed 68352K, reserved 73728K
GC Heap History (20 events):
Event: 98.873 GC heap before
{Heap before GC invocations=739 (full 11):
 def new generation   total 314560K, used 293561K [0x05800000, 0x1ad50000, 0x1ad50000)
  eden space 279616K, 100% used [0x05800000, 0x16910000, 0x16910000)
  from space 34944K,  39% used [0x16910000, 0x176ae788, 0x18b30000)
  to   space 34944K,   0% used [0x18b30000, 0x18b30000, 0x1ad50000)
 tenured generation   total 699072K, used 593646K [0x1ad50000, 0x45800000, 0x45800000)
   the space 699072K,  84% used [0x1ad50000, 0x3f10b910, 0x3f10ba00, 0x45800000)
 Metaspace       used 66601K, committed 67520K, reserved 73728K
}
Event: 98.898 GC heap after
{Heap after GC invocations=740 (full 11):
 def new generation   total 314560K, used 24364K [0x05800000, 0x1ad50000, 0x1ad50000)
  eden space 279616K,   0% used [0x05800000, 0x05800000, 0x16910000)
  from space 34944K,  69% used [0x18b30000, 0x1a2fb158, 0x1ad50000)
  to   space 34944K,   0% used [0x16910000, 0x16910000, 0x18b30000)
 tenured generation   total 699072K, used 594160K [0x1ad50000, 0x45800000, 0x45800000)
   the space 699072K,  84% used [0x1ad50000, 0x3f18c2c0, 0x3f18c400, 0x45800000)
 Metaspace       used 66601K, committed 67520K, reserved 73728K
}
Event: 99.091 GC heap before
{Heap before GC invocations=740 (full 11):
 def new generation   total 314560K, used 303980K [0x05800000, 0x1ad50000, 0x1ad50000)
  eden space 279616K, 100% used [0x05800000, 0x16910000, 0x16910000)
  from space 34944K,  69% used [0x18b30000, 0x1a2fb158, 0x1ad50000)
  to   space 34944K,   0% used [0x16910000, 0x16910000, 0x18b30000)
 tenured generation   total 699072K, used 594160K [0x1ad50000, 0x45800000, 0x45800000)
   the space 699072K,  84% used [0x1ad50000, 0x3f18c2c0, 0x3f18c400, 0x45800000)
 Metaspace       used 66669K, committed 67584K, reserved 73728K
}
Event: 99.113 GC heap after
{Heap after GC invocations=741 (full 11):
 def new generation   total 314560K, used 25826K [0x05800000, 0x1ad50000, 0x1ad50000)
  eden space 279616K,   0% used [0x05800000, 0x05800000, 0x16910000)
  from space 34944K,  73% used [0x16910000, 0x182489c8, 0x18b30000)
  to   space 34944K,   0% used [0x18b30000, 0x18b30000, 0x1ad50000)
 tenured generation   total 699072K, used 601102K [0x1ad50000, 0x45800000, 0x45800000)
   the space 699072K,  85% used [0x1ad50000, 0x3f853a00, 0x3f853a00, 0x45800000)
 Metaspace       used 66669K, committed 67584K, reserved 73728K
}
Event: 99.246 GC heap before
{Heap before GC invocations=741 (full 11):
 def new generation   total 314560K, used 187958K [0x05800000, 0x1ad50000, 0x1ad50000)
  eden space 279616K,  57% used [0x05800000, 0x0f6550b8, 0x16910000)
  from space 34944K,  73% used [0x16910000, 0x182489c8, 0x18b30000)
  to   space 34944K,   0% used [0x18b30000, 0x18b30000, 0x1ad50000)
 tenured generation   total 699072K, used 601102K [0x1ad50000, 0x45800000, 0x45800000)
   the space 699072K,  85% used [0x1ad50000, 0x3f853a00, 0x3f853a00, 0x45800000)
 Metaspace       used 66786K, committed 67712K, reserved 73728K
}
Event: 100.294 GC heap after
{Heap after GC invocations=742 (full 12):
 def new generation   total 314560K, used 0K [0x05800000, 0x1ad50000, 0x1ad50000)
  eden space 279616K,   0% used [0x05800000, 0x05800000, 0x16910000)
  from space 34944K,   0% used [0x16910000, 0x16910000, 0x18b30000)
  to   space 34944K,   0% used [0x18b30000, 0x18b30000, 0x1ad50000)
 tenured generation   total 699072K, used 521414K [0x1ad50000, 0x45800000, 0x45800000)
   the space 699072K,  74% used [0x1ad50000, 0x3aa81a00, 0x3aa81a00, 0x45800000)
 Metaspace       used 66786K, committed 67712K, reserved 73728K
}
Event: 100.541 GC heap before
{Heap before GC invocations=742 (full 12):
 def new generation   total 314560K, used 279616K [0x05800000, 0x1ad50000, 0x1ad50000)
  eden space 279616K, 100% used [0x05800000, 0x16910000, 0x16910000)
  from space 34944K,   0% used [0x16910000, 0x16910000, 0x18b30000)
  to   space 34944K,   0% used [0x18b30000, 0x18b30000, 0x1ad50000)
 tenured generation   total 699072K, used 521414K [0x1ad50000, 0x45800000, 0x45800000)
   the space 699072K,  74% used [0x1ad50000, 0x3aa81a00, 0x3aa81a00, 0x45800000)
 Metaspace       used 66829K, committed 67776K, reserved 73728K
}
Event: 100.559 GC heap after
{Heap after GC invocations=743 (full 12):
 def new generation   total 314560K, used 7825K [0x05800000, 0x1ad50000, 0x1ad50000)
  eden space 279616K,   0% used [0x05800000, 0x05800000, 0x16910000)
  from space 34944K,  22% used [0x18b30000, 0x192d4538, 0x1ad50000)
  to   space 34944K,   0% used [0x16910000, 0x16910000, 0x18b30000)
 tenured generation   total 699072K, used 521414K [0x1ad50000, 0x45800000, 0x45800000)
   the space 699072K,  74% used [0x1ad50000, 0x3aa81a00, 0x3aa81a00, 0x45800000)
 Metaspace       used 66829K, committed 67776K, reserved 73728K
}
Event: 100.822 GC heap before
{Heap before GC invocations=743 (full 12):
 def new generation   total 314560K, used 287441K [0x05800000, 0x1ad50000, 0x1ad50000)
  eden space 279616K, 100% used [0x05800000, 0x16910000, 0x16910000)
  from space 34944K,  22% used [0x18b30000, 0x192d4538, 0x1ad50000)
  to   space 34944K,   0% used [0x16910000, 0x16910000, 0x18b30000)
 tenured generation   total 699072K, used 521414K [0x1ad50000, 0x45800000, 0x45800000)
   the space 699072K,  74% used [0x1ad50000, 0x3aa81a00, 0x3aa81a00, 0x45800000)
 Metaspace       used 66969K, committed 67904K, reserved 73728K
}
Event: 100.850 GC heap after
{Heap after GC invocations=744 (full 12):
 def new generation   total 314560K, used 15429K [0x05800000, 0x1ad50000, 0x1ad50000)
  eden space 279616K,   0% used [0x05800000, 0x05800000, 0x16910000)
  from space 34944K,  44% used [0x16910000, 0x17821740, 0x18b30000)
  to   space 34944K,   0% used [0x18b30000, 0x18b30000, 0x1ad50000)
 tenured generation   total 699072K, used 521414K [0x1ad50000, 0x45800000, 0x45800000)
   the space 699072K,  74% used [0x1ad50000, 0x3aa81a00, 0x3aa81a00, 0x45800000)
 Metaspace       used 66969K, committed 67904K, reserved 73728K
}
Event: 101.143 GC heap before
{Heap before GC invocations=744 (full 12):
 def new generation   total 314560K, used 295045K [0x05800000, 0x1ad50000, 0x1ad50000)
  eden space 279616K, 100% used [0x05800000, 0x16910000, 0x16910000)
  from space 34944K,  44% used [0x16910000, 0x17821740, 0x18b30000)
  to   space 34944K,   0% used [0x18b30000, 0x18b30000, 0x1ad50000)
 tenured generation   total 699072K, used 521414K [0x1ad50000, 0x45800000, 0x45800000)
   the space 699072K,  74% used [0x1ad50000, 0x3aa81a00, 0x3aa81a00, 0x45800000)
 Metaspace       used 67021K, committed 67968K, reserved 73728K
}
Event: 101.172 GC heap after
{Heap after GC invocations=745 (full 12):
 def new generation   total 314560K, used 26651K [0x05800000, 0x1ad50000, 0x1ad50000)
  eden space 279616K,   0% used [0x05800000, 0x05800000, 0x16910000)
  from space 34944K,  76% used [0x18b30000, 0x1a536e50, 0x1ad50000)
  to   space 34944K,   0% used [0x16910000, 0x16910000, 0x18b30000)
 tenured generation   total 699072K, used 521414K [0x1ad50000, 0x45800000, 0x45800000)
   the space 699072K,  74% used [0x1ad50000, 0x3aa81a00, 0x3aa81a00, 0x45800000)
 Metaspace       used 67021K, committed 67968K, reserved 73728K
}
Event: 101.416 GC heap before
{Heap before GC invocations=745 (full 12):
 def new generation   total 314560K, used 306267K [0x05800000, 0x1ad50000, 0x1ad50000)
  eden space 279616K, 100% used [0x05800000, 0x16910000, 0x16910000)
  from space 34944K,  76% used [0x18b30000, 0x1a536e50, 0x1ad50000)
  to   space 34944K,   0% used [0x16910000, 0x16910000, 0x18b30000)
 tenured generation   total 699072K, used 521414K [0x1ad50000, 0x45800000, 0x45800000)
   the space 699072K,  74% used [0x1ad50000, 0x3aa81a00, 0x3aa81a00, 0x45800000)
 Metaspace       used 67065K, committed 67968K, reserved 73728K
}
Event: 101.441 GC heap after
{Heap after GC invocations=746 (full 12):
 def new generation   total 314560K, used 21333K [0x05800000, 0x1ad50000, 0x1ad50000)
  eden space 279616K,   0% used [0x05800000, 0x05800000, 0x16910000)
  from space 34944K,  61% used [0x16910000, 0x17de54a8, 0x18b30000)
  to   space 34944K,   0% used [0x18b30000, 0x18b30000, 0x1ad50000)
 tenured generation   total 699072K, used 536272K [0x1ad50000, 0x45800000, 0x45800000)
   the space 699072K,  76% used [0x1ad50000, 0x3b904000, 0x3b904000, 0x45800000)
 Metaspace       used 67065K, committed 67968K, reserved 73728K
}
Event: 101.658 GC heap before
{Heap before GC invocations=746 (full 12):
 def new generation   total 314560K, used 300949K [0x05800000, 0x1ad50000, 0x1ad50000)
  eden space 279616K, 100% used [0x05800000, 0x16910000, 0x16910000)
  from space 34944K,  61% used [0x16910000, 0x17de54a8, 0x18b30000)
  to   space 34944K,   0% used [0x18b30000, 0x18b30000, 0x1ad50000)
 tenured generation   total 699072K, used 536272K [0x1ad50000, 0x45800000, 0x45800000)
   the space 699072K,  76% used [0x1ad50000, 0x3b904000, 0x3b904000, 0x45800000)
 Metaspace       used 67065K, committed 67968K, reserved 73728K
}
Event: 101.669 GC heap after
{Heap after GC invocations=747 (full 12):
 def new generation   total 314560K, used 10110K [0x05800000, 0x1ad50000, 0x1ad50000)
  eden space 279616K,   0% used [0x05800000, 0x05800000, 0x16910000)
  from space 34944K,  28% used [0x18b30000, 0x1950f878, 0x1ad50000)
  to   space 34944K,   0% used [0x16910000, 0x16910000, 0x18b30000)
 tenured generation   total 699072K, used 547527K [0x1ad50000, 0x45800000, 0x45800000)
   the space 699072K,  78% used [0x1ad50000, 0x3c401f90, 0x3c402000, 0x45800000)
 Metaspace       used 67065K, committed 67968K, reserved 73728K
}
Event: 101.902 GC heap before
{Heap before GC invocations=747 (full 12):
 def new generation   total 314560K, used 289726K [0x05800000, 0x1ad50000, 0x1ad50000)
  eden space 279616K, 100% used [0x05800000, 0x16910000, 0x16910000)
  from space 34944K,  28% used [0x18b30000, 0x1950f898, 0x1ad50000)
  to   space 34944K,   0% used [0x16910000, 0x16910000, 0x18b30000)
 tenured generation   total 699072K, used 547527K [0x1ad50000, 0x45800000, 0x45800000)
   the space 699072K,  78% used [0x1ad50000, 0x3c401f90, 0x3c402000, 0x45800000)
 Metaspace       used 67189K, committed 68096K, reserved 73728K
}
Event: 101.911 GC heap after
{Heap after GC invocations=748 (full 12):
 def new generation   total 314560K, used 11477K [0x05800000, 0x1ad50000, 0x1ad50000)
  eden space 279616K,   0% used [0x05800000, 0x05800000, 0x16910000)
  from space 34944K,  32% used [0x16910000, 0x174454f8, 0x18b30000)
  to   space 34944K,   0% used [0x18b30000, 0x18b30000, 0x1ad50000)
 tenured generation   total 699072K, used 547527K [0x1ad50000, 0x45800000, 0x45800000)
   the space 699072K,  78% used [0x1ad50000, 0x3c401f90, 0x3c402000, 0x45800000)
 Metaspace       used 67189K, committed 68096K, reserved 73728K
}
Event: 102.130 GC heap before
{Heap before GC invocations=748 (full 12):
 def new generation   total 314560K, used 291093K [0x05800000, 0x1ad50000, 0x1ad50000)
  eden space 279616K, 100% used [0x05800000, 0x16910000, 0x16910000)
  from space 34944K,  32% used [0x16910000, 0x17445508, 0x18b30000)
  to   space 34944K,   0% used [0x18b30000, 0x18b30000, 0x1ad50000)
 tenured generation   total 699072K, used 547527K [0x1ad50000, 0x45800000, 0x45800000)
   the space 699072K,  78% used [0x1ad50000, 0x3c401f90, 0x3c402000, 0x45800000)
 Metaspace       used 67369K, committed 68288K, reserved 73728K
}
Event: 102.139 GC heap after
{Heap after GC invocations=749 (full 12):
 def new generation   total 314560K, used 12004K [0x05800000, 0x1ad50000, 0x1ad50000)
  eden space 279616K,   0% used [0x05800000, 0x05800000, 0x16910000)
  from space 34944K,  34% used [0x18b30000, 0x196e9100, 0x1ad50000)
  to   space 34944K,   0% used [0x16910000, 0x16910000, 0x18b30000)
 tenured generation   total 699072K, used 547527K [0x1ad50000, 0x45800000, 0x45800000)
   the space 699072K,  78% used [0x1ad50000, 0x3c401f90, 0x3c402000, 0x45800000)
 Metaspace       used 67369K, committed 68288K, reserved 73728K
}

