# JRE version: OpenJDK Runtime Environment Temurin-16.0.2+7 (16.0.2+7) (build 16.0.2+7)
# Java VM: OpenJDK Client VM Temurin-16.0.2+7 (16.0.2+7, mixed mode, serial gc, windows-x86)
GC Precious Log:
 CPUs: 12 total, 12 available
 Memory: 16222M
 Large Page Support: Disabled
 NUMA Support: Disabled
 Compressed Oops: Disabled
 Heap Min Capacity: 6M
 Heap Initial Capacity: 16M
 Heap Max Capacity: 1024M
 Pre-touch: Disabled
Heap:
 def new generation   total 314560K, used 146969K [0x04e00000, 0x1a350000, 0x1a350000)
  eden space 279616K,  45% used [0x04e00000, 0x0cb57af0, 0x15f10000)
  from space 34944K,  53% used [0x15f10000, 0x1713ebb8, 0x18130000)
  to   space 34944K,   0% used [0x18130000, 0x18130000, 0x1a350000)
 tenured generation   total 699072K, used 543738K [0x1a350000, 0x44e00000, 0x44e00000)
   the space 699072K,  77% used [0x1a350000, 0x3b64e9a0, 0x3b64ea00, 0x44e00000)
 Metaspace       used 67425K, committed 68416K, reserved 73728K
GC Heap History (20 events):
Event: 104.064 GC heap before
{Heap before GC invocations=852 (full 11):
 def new generation   total 314560K, used 298598K [0x04e00000, 0x1a350000, 0x1a350000)
  eden space 279616K, 100% used [0x04e00000, 0x15f10000, 0x15f10000)
  from space 34944K,  54% used [0x15f10000, 0x17199a98, 0x18130000)
  to   space 34944K,   0% used [0x18130000, 0x18130000, 0x1a350000)
 tenured generation   total 699072K, used 615907K [0x1a350000, 0x44e00000, 0x44e00000)
   the space 699072K,  88% used [0x1a350000, 0x3fcc8d18, 0x3fcc8e00, 0x44e00000)
 Metaspace       used 66679K, committed 67584K, reserved 73728K
}
Event: 104.090 GC heap after
{Heap after GC invocations=853 (full 11):
 def new generation   total 314560K, used 32955K [0x04e00000, 0x1a350000, 0x1a350000)
  eden space 279616K,   0% used [0x04e00000, 0x04e00000, 0x15f10000)
  from space 34944K,  94% used [0x18130000, 0x1a15ed88, 0x1a350000)
  to   space 34944K,   0% used [0x15f10000, 0x15f10000, 0x18130000)
 tenured generation   total 699072K, used 618715K [0x1a350000, 0x44e00000, 0x44e00000)
   the space 699072K,  88% used [0x1a350000, 0x3ff86d58, 0x3ff86e00, 0x44e00000)
 Metaspace       used 66679K, committed 67584K, reserved 73728K
}
Event: 104.271 GC heap before
{Heap before GC invocations=853 (full 11):
 def new generation   total 314560K, used 312571K [0x04e00000, 0x1a350000, 0x1a350000)
  eden space 279616K, 100% used [0x04e00000, 0x15f10000, 0x15f10000)
  from space 34944K,  94% used [0x18130000, 0x1a15ed88, 0x1a350000)
  to   space 34944K,   0% used [0x15f10000, 0x15f10000, 0x18130000)
 tenured generation   total 699072K, used 618715K [0x1a350000, 0x44e00000, 0x44e00000)
   the space 699072K,  88% used [0x1a350000, 0x3ff86d58, 0x3ff86e00, 0x44e00000)
 Metaspace       used 66695K, committed 67584K, reserved 73728K
}
Event: 104.293 GC heap after
{Heap after GC invocations=854 (full 11):
 def new generation   total 314560K, used 17773K [0x04e00000, 0x1a350000, 0x1a350000)
  eden space 279616K,   0% used [0x04e00000, 0x04e00000, 0x15f10000)
  from space 34944K,  50% used [0x15f10000, 0x1706b770, 0x18130000)
  to   space 34944K,   0% used [0x18130000, 0x18130000, 0x1a350000)
 tenured generation   total 699072K, used 634779K [0x1a350000, 0x44e00000, 0x44e00000)
   the space 699072K,  90% used [0x1a350000, 0x40f36d90, 0x40f36e00, 0x44e00000)
 Metaspace       used 66695K, committed 67584K, reserved 73728K
}
Event: 104.348 GC heap before
{Heap before GC invocations=854 (full 11):
 def new generation   total 314560K, used 94649K [0x04e00000, 0x1a350000, 0x1a350000)
  eden space 279616K,  27% used [0x04e00000, 0x09912cf8, 0x15f10000)
  from space 34944K,  50% used [0x15f10000, 0x1706b770, 0x18130000)
  to   space 34944K,   0% used [0x18130000, 0x18130000, 0x1a350000)
 tenured generation   total 699072K, used 634779K [0x1a350000, 0x44e00000, 0x44e00000)
   the space 699072K,  90% used [0x1a350000, 0x40f36d90, 0x40f36e00, 0x44e00000)
 Metaspace       used 66810K, committed 67712K, reserved 73728K
}
Event: 105.337 GC heap after
{Heap after GC invocations=855 (full 12):
 def new generation   total 314560K, used 0K [0x04e00000, 0x1a350000, 0x1a350000)
  eden space 279616K,   0% used [0x04e00000, 0x04e00000, 0x15f10000)
  from space 34944K,   0% used [0x15f10000, 0x15f10000, 0x18130000)
  to   space 34944K,   0% used [0x18130000, 0x18130000, 0x1a350000)
 tenured generation   total 699072K, used 523362K [0x1a350000, 0x44e00000, 0x44e00000)
   the space 699072K,  74% used [0x1a350000, 0x3a268a28, 0x3a268c00, 0x44e00000)
 Metaspace       used 66810K, committed 67712K, reserved 73728K
}
Event: 105.508 GC heap before
{Heap before GC invocations=855 (full 12):
 def new generation   total 314560K, used 279616K [0x04e00000, 0x1a350000, 0x1a350000)
  eden space 279616K, 100% used [0x04e00000, 0x15f10000, 0x15f10000)
  from space 34944K,   0% used [0x15f10000, 0x15f10000, 0x18130000)
  to   space 34944K,   0% used [0x18130000, 0x18130000, 0x1a350000)
 tenured generation   total 699072K, used 523362K [0x1a350000, 0x44e00000, 0x44e00000)
   the space 699072K,  74% used [0x1a350000, 0x3a268a28, 0x3a268c00, 0x44e00000)
 Metaspace       used 66866K, committed 67776K, reserved 73728K
}
Event: 105.522 GC heap after
{Heap after GC invocations=856 (full 12):
 def new generation   total 314560K, used 6742K [0x04e00000, 0x1a350000, 0x1a350000)
  eden space 279616K,   0% used [0x04e00000, 0x04e00000, 0x15f10000)
  from space 34944K,  19% used [0x18130000, 0x187c5888, 0x1a350000)
  to   space 34944K,   0% used [0x15f10000, 0x15f10000, 0x18130000)
 tenured generation   total 699072K, used 523362K [0x1a350000, 0x44e00000, 0x44e00000)
   the space 699072K,  74% used [0x1a350000, 0x3a268a28, 0x3a268c00, 0x44e00000)
 Metaspace       used 66866K, committed 67776K, reserved 73728K
}
Event: 105.684 GC heap before
{Heap before GC invocations=856 (full 12):
 def new generation   total 314560K, used 286358K [0x04e00000, 0x1a350000, 0x1a350000)
  eden space 279616K, 100% used [0x04e00000, 0x15f10000, 0x15f10000)
  from space 34944K,  19% used [0x18130000, 0x187c5888, 0x1a350000)
  to   space 34944K,   0% used [0x15f10000, 0x15f10000, 0x18130000)
 tenured generation   total 699072K, used 523362K [0x1a350000, 0x44e00000, 0x44e00000)
   the space 699072K,  74% used [0x1a350000, 0x3a268a28, 0x3a268c00, 0x44e00000)
 Metaspace       used 66866K, committed 67776K, reserved 73728K
}
Event: 105.704 GC heap after
{Heap after GC invocations=857 (full 12):
 def new generation   total 314560K, used 14182K [0x04e00000, 0x1a350000, 0x1a350000)
  eden space 279616K,   0% used [0x04e00000, 0x04e00000, 0x15f10000)
  from space 34944K,  40% used [0x15f10000, 0x16ce9b08, 0x18130000)
  to   space 34944K,   0% used [0x18130000, 0x18130000, 0x1a350000)
 tenured generation   total 699072K, used 523362K [0x1a350000, 0x44e00000, 0x44e00000)
   the space 699072K,  74% used [0x1a350000, 0x3a268a28, 0x3a268c00, 0x44e00000)
 Metaspace       used 66866K, committed 67776K, reserved 73728K
}
Event: 105.901 GC heap before
{Heap before GC invocations=857 (full 12):
 def new generation   total 314560K, used 293798K [0x04e00000, 0x1a350000, 0x1a350000)
  eden space 279616K, 100% used [0x04e00000, 0x15f10000, 0x15f10000)
  from space 34944K,  40% used [0x15f10000, 0x16ce9b08, 0x18130000)
  to   space 34944K,   0% used [0x18130000, 0x18130000, 0x1a350000)
 tenured generation   total 699072K, used 523362K [0x1a350000, 0x44e00000, 0x44e00000)
   the space 699072K,  74% used [0x1a350000, 0x3a268a28, 0x3a268c00, 0x44e00000)
 Metaspace       used 67055K, committed 67968K, reserved 73728K
}
Event: 105.917 GC heap after
{Heap after GC invocations=858 (full 12):
 def new generation   total 314560K, used 20854K [0x04e00000, 0x1a350000, 0x1a350000)
  eden space 279616K,   0% used [0x04e00000, 0x04e00000, 0x15f10000)
  from space 34944K,  59% used [0x18130000, 0x1958dbe8, 0x1a350000)
  to   space 34944K,   0% used [0x15f10000, 0x15f10000, 0x18130000)
 tenured generation   total 699072K, used 523362K [0x1a350000, 0x44e00000, 0x44e00000)
   the space 699072K,  74% used [0x1a350000, 0x3a268a28, 0x3a268c00, 0x44e00000)
 Metaspace       used 67055K, committed 67968K, reserved 73728K
}
Event: 106.088 GC heap before
{Heap before GC invocations=858 (full 12):
 def new generation   total 314560K, used 300471K [0x04e00000, 0x1a350000, 0x1a350000)
  eden space 279616K, 100% used [0x04e00000, 0x15f10000, 0x15f10000)
  from space 34944K,  59% used [0x18130000, 0x1958ddf0, 0x1a350000)
  to   space 34944K,   0% used [0x15f10000, 0x15f10000, 0x18130000)
 tenured generation   total 699072K, used 523362K [0x1a350000, 0x44e00000, 0x44e00000)
   the space 699072K,  74% used [0x1a350000, 0x3a268a28, 0x3a268c00, 0x44e00000)
 Metaspace       used 67079K, committed 67968K, reserved 73728K
}
Event: 106.114 GC heap after
{Heap after GC invocations=859 (full 12):
 def new generation   total 314560K, used 29754K [0x04e00000, 0x1a350000, 0x1a350000)
  eden space 279616K,   0% used [0x04e00000, 0x04e00000, 0x15f10000)
  from space 34944K,  85% used [0x15f10000, 0x17c1e990, 0x18130000)
  to   space 34944K,   0% used [0x18130000, 0x18130000, 0x1a350000)
 tenured generation   total 699072K, used 529966K [0x1a350000, 0x44e00000, 0x44e00000)
   the space 699072K,  75% used [0x1a350000, 0x3a8dbb78, 0x3a8dbc00, 0x44e00000)
 Metaspace       used 67079K, committed 67968K, reserved 73728K
}
Event: 106.319 GC heap before
{Heap before GC invocations=859 (full 12):
 def new generation   total 314560K, used 309370K [0x04e00000, 0x1a350000, 0x1a350000)
  eden space 279616K, 100% used [0x04e00000, 0x15f10000, 0x15f10000)
  from space 34944K,  85% used [0x15f10000, 0x17c1e990, 0x18130000)
  to   space 34944K,   0% used [0x18130000, 0x18130000, 0x1a350000)
 tenured generation   total 699072K, used 529966K [0x1a350000, 0x44e00000, 0x44e00000)
   the space 699072K,  75% used [0x1a350000, 0x3a8dbb78, 0x3a8dbc00, 0x44e00000)
 Metaspace       used 67079K, committed 67968K, reserved 73728K
}
Event: 106.335 GC heap after
{Heap after GC invocations=860 (full 12):
 def new generation   total 314560K, used 15977K [0x04e00000, 0x1a350000, 0x1a350000)
  eden space 279616K,   0% used [0x04e00000, 0x04e00000, 0x15f10000)
  from space 34944K,  45% used [0x18130000, 0x190ca438, 0x1a350000)
  to   space 34944K,   0% used [0x15f10000, 0x15f10000, 0x18130000)
 tenured generation   total 699072K, used 543738K [0x1a350000, 0x44e00000, 0x44e00000)
   the space 699072K,  77% used [0x1a350000, 0x3b64e9a0, 0x3b64ea00, 0x44e00000)
 Metaspace       used 67079K, committed 67968K, reserved 73728K
}
Event: 106.543 GC heap before
{Heap before GC invocations=860 (full 12):
 def new generation   total 314560K, used 295593K [0x04e00000, 0x1a350000, 0x1a350000)
  eden space 279616K, 100% used [0x04e00000, 0x15f10000, 0x15f10000)
  from space 34944K,  45% used [0x18130000, 0x190ca438, 0x1a350000)
  to   space 34944K,   0% used [0x15f10000, 0x15f10000, 0x18130000)
 tenured generation   total 699072K, used 543738K [0x1a350000, 0x44e00000, 0x44e00000)
   the space 699072K,  77% used [0x1a350000, 0x3b64e9a0, 0x3b64ea00, 0x44e00000)
 Metaspace       used 67193K, committed 68096K, reserved 73728K
}
Event: 106.553 GC heap after
{Heap after GC invocations=861 (full 12):
 def new generation   total 314560K, used 17261K [0x04e00000, 0x1a350000, 0x1a350000)
  eden space 279616K,   0% used [0x04e00000, 0x04e00000, 0x15f10000)
  from space 34944K,  49% used [0x15f10000, 0x16feb7f8, 0x18130000)
  to   space 34944K,   0% used [0x18130000, 0x18130000, 0x1a350000)
 tenured generation   total 699072K, used 543738K [0x1a350000, 0x44e00000, 0x44e00000)
   the space 699072K,  77% used [0x1a350000, 0x3b64e9a0, 0x3b64ea00, 0x44e00000)
 Metaspace       used 67193K, committed 68096K, reserved 73728K
}
Event: 106.740 GC heap before
{Heap before GC invocations=861 (full 12):
 def new generation   total 314560K, used 296877K [0x04e00000, 0x1a350000, 0x1a350000)
  eden space 279616K, 100% used [0x04e00000, 0x15f10000, 0x15f10000)
  from space 34944K,  49% used [0x15f10000, 0x16feb7f8, 0x18130000)
  to   space 34944K,   0% used [0x18130000, 0x18130000, 0x1a350000)
 tenured generation   total 699072K, used 543738K [0x1a350000, 0x44e00000, 0x44e00000)
   the space 699072K,  77% used [0x1a350000, 0x3b64e9a0, 0x3b64ea00, 0x44e00000)
 Metaspace       used 67213K, committed 68160K, reserved 73728K
}
Event: 106.750 GC heap after
{Heap after GC invocations=862 (full 12):
 def new generation   total 314560K, used 17370K [0x04e00000, 0x1a350000, 0x1a350000)
  eden space 279616K,   0% used [0x04e00000, 0x04e00000, 0x15f10000)
  from space 34944K,  49% used [0x18130000, 0x19226870, 0x1a350000)
  to   space 34944K,   0% used [0x15f10000, 0x15f10000, 0x18130000)
 tenured generation   total 699072K, used 543738K [0x1a350000, 0x44e00000, 0x44e00000)
   the space 699072K,  77% used [0x1a350000, 0x3b64e9a0, 0x3b64ea00, 0x44e00000)
 Metaspace       used 67213K, committed 68160K, reserved 73728K
}

