# JRE version: OpenJDK Runtime Environment Temurin-16.0.2+7 (16.0.2+7) (build 16.0.2+7)
# Java VM: OpenJDK Client VM Temurin-16.0.2+7 (16.0.2+7, mixed mode, serial gc, windows-x86)
GC Precious Log:
 CPUs: 12 total, 12 available
 Memory: 16222M
 Large Page Support: Disabled
 NUMA Support: Disabled
 Compressed Oops: Disabled
 Heap Min Capacity: 6M
 Heap Initial Capacity: 16M
 Heap Max Capacity: 1024M
 Pre-touch: Disabled
Heap:
 def new generation   total 314560K, used 61967K [0x05600000, 0x1ab50000, 0x1ab50000)
  eden space 279616K,   9% used [0x05600000, 0x07063e38, 0x16710000)
  from space 34944K, 100% used [0x16710000, 0x18930000, 0x18930000)
  to   space 34944K,   0% used [0x18930000, 0x18930000, 0x1ab50000)
 tenured generation   total 699072K, used 534581K [0x1ab50000, 0x45600000, 0x45600000)
   the space 699072K,  76% used [0x1ab50000, 0x3b55d620, 0x3b55d800, 0x45600000)
 Metaspace       used 67075K, committed 67904K, reserved 73728K
GC Heap History (20 events):
Event: 211.711 GC heap before
{Heap before GC invocations=1126 (full 10):
 def new generation   total 314560K, used 314559K [0x05600000, 0x1ab50000, 0x1ab50000)
  eden space 279616K, 100% used [0x05600000, 0x16710000, 0x16710000)
  from space 34944K,  99% used [0x16710000, 0x1892fff8, 0x18930000)
  to   space 34944K,   0% used [0x18930000, 0x18930000, 0x1ab50000)
 tenured generation   total 699072K, used 537641K [0x1ab50000, 0x45600000, 0x45600000)
   the space 699072K,  76% used [0x1ab50000, 0x3b85a780, 0x3b85a800, 0x45600000)
 Metaspace       used 61205K, committed 62016K, reserved 65536K
}
Event: 211.768 GC heap after
{Heap after GC invocations=1127 (full 10):
 def new generation   total 314560K, used 27739K [0x05600000, 0x1ab50000, 0x1ab50000)
  eden space 279616K,   0% used [0x05600000, 0x05600000, 0x16710000)
  from space 34944K,  79% used [0x18930000, 0x1a446f00, 0x1ab50000)
  to   space 34944K,   0% used [0x16710000, 0x16710000, 0x18930000)
 tenured generation   total 699072K, used 572334K [0x1ab50000, 0x45600000, 0x45600000)
   the space 699072K,  81% used [0x1ab50000, 0x3da3bb68, 0x3da3bc00, 0x45600000)
 Metaspace       used 61205K, committed 62016K, reserved 65536K
}
Event: 213.214 GC heap before
{Heap before GC invocations=1127 (full 10):
 def new generation   total 314560K, used 307355K [0x05600000, 0x1ab50000, 0x1ab50000)
  eden space 279616K, 100% used [0x05600000, 0x16710000, 0x16710000)
  from space 34944K,  79% used [0x18930000, 0x1a446f00, 0x1ab50000)
  to   space 34944K,   0% used [0x16710000, 0x16710000, 0x18930000)
 tenured generation   total 699072K, used 572334K [0x1ab50000, 0x45600000, 0x45600000)
   the space 699072K,  81% used [0x1ab50000, 0x3da3bb68, 0x3da3bc00, 0x45600000)
 Metaspace       used 61205K, committed 62016K, reserved 65536K
}
Event: 213.280 GC heap after
{Heap after GC invocations=1128 (full 10):
 def new generation   total 314560K, used 34944K [0x05600000, 0x1ab50000, 0x1ab50000)
  eden space 279616K,   0% used [0x05600000, 0x05600000, 0x16710000)
  from space 34944K, 100% used [0x16710000, 0x18930000, 0x18930000)
  to   space 34944K,   0% used [0x18930000, 0x18930000, 0x1ab50000)
 tenured generation   total 699072K, used 604966K [0x1ab50000, 0x45600000, 0x45600000)
   the space 699072K,  86% used [0x1ab50000, 0x3fa19be0, 0x3fa19c00, 0x45600000)
 Metaspace       used 61205K, committed 62016K, reserved 65536K
}
Event: 214.734 GC heap before
{Heap before GC invocations=1128 (full 10):
 def new generation   total 314560K, used 314560K [0x05600000, 0x1ab50000, 0x1ab50000)
  eden space 279616K, 100% used [0x05600000, 0x16710000, 0x16710000)
  from space 34944K, 100% used [0x16710000, 0x18930000, 0x18930000)
  to   space 34944K,   0% used [0x18930000, 0x18930000, 0x1ab50000)
 tenured generation   total 699072K, used 604967K [0x1ab50000, 0x45600000, 0x45600000)
   the space 699072K,  86% used [0x1ab50000, 0x3fa19cf8, 0x3fa19e00, 0x45600000)
 Metaspace       used 61205K, committed 62016K, reserved 65536K
}
Event: 214.804 GC heap after
{Heap after GC invocations=1129 (full 10):
 def new generation   total 314560K, used 34944K [0x05600000, 0x1ab50000, 0x1ab50000)
  eden space 279616K,   0% used [0x05600000, 0x05600000, 0x16710000)
  from space 34944K, 100% used [0x18930000, 0x1ab50000, 0x1ab50000)
  to   space 34944K,   0% used [0x16710000, 0x16710000, 0x18930000)
 tenured generation   total 699072K, used 645748K [0x1ab50000, 0x45600000, 0x45600000)
   the space 699072K,  92% used [0x1ab50000, 0x421ed1e8, 0x421ed200, 0x45600000)
 Metaspace       used 61205K, committed 62016K, reserved 65536K
}
Event: 216.299 GC heap before
{Heap before GC invocations=1129 (full 10):
 def new generation   total 314560K, used 314560K [0x05600000, 0x1ab50000, 0x1ab50000)
  eden space 279616K, 100% used [0x05600000, 0x16710000, 0x16710000)
  from space 34944K, 100% used [0x18930000, 0x1ab50000, 0x1ab50000)
  to   space 34944K,   0% used [0x16710000, 0x16710000, 0x18930000)
 tenured generation   total 699072K, used 645748K [0x1ab50000, 0x45600000, 0x45600000)
   the space 699072K,  92% used [0x1ab50000, 0x421ed1e8, 0x421ed200, 0x45600000)
 Metaspace       used 65513K, committed 66240K, reserved 73728K
}
Event: 216.299 GC heap after
{Heap after GC invocations=1130 (full 10):
 def new generation   total 314560K, used 314560K [0x05600000, 0x1ab50000, 0x1ab50000)
  eden space 279616K, 100% used [0x05600000, 0x16710000, 0x16710000)
  from space 34944K, 100% used [0x18930000, 0x1ab50000, 0x1ab50000)
  to   space 34944K,   0% used [0x16710000, 0x16710000, 0x18930000)
 tenured generation   total 699072K, used 645748K [0x1ab50000, 0x45600000, 0x45600000)
   the space 699072K,  92% used [0x1ab50000, 0x421ed1e8, 0x421ed200, 0x45600000)
 Metaspace       used 65513K, committed 66240K, reserved 73728K
}
Event: 216.299 GC heap before
{Heap before GC invocations=1130 (full 10):
 def new generation   total 314560K, used 314560K [0x05600000, 0x1ab50000, 0x1ab50000)
  eden space 279616K, 100% used [0x05600000, 0x16710000, 0x16710000)
  from space 34944K, 100% used [0x18930000, 0x1ab50000, 0x1ab50000)
  to   space 34944K,   0% used [0x16710000, 0x16710000, 0x18930000)
 tenured generation   total 699072K, used 645748K [0x1ab50000, 0x45600000, 0x45600000)
   the space 699072K,  92% used [0x1ab50000, 0x421ed1e8, 0x421ed200, 0x45600000)
 Metaspace       used 65513K, committed 66240K, reserved 73728K
}
Event: 217.206 GC heap after
{Heap after GC invocations=1130 (full 11):
 def new generation   total 314560K, used 0K [0x05600000, 0x1ab50000, 0x1ab50000)
  eden space 279616K,   0% used [0x05600000, 0x05600000, 0x16710000)
  from space 34944K,   0% used [0x18930000, 0x18930000, 0x1ab50000)
  to   space 34944K,   0% used [0x16710000, 0x16710000, 0x18930000)
 tenured generation   total 699072K, used 517259K [0x1ab50000, 0x45600000, 0x45600000)
   the space 699072K,  73% used [0x1ab50000, 0x3a472e40, 0x3a473000, 0x45600000)
 Metaspace       used 65513K, committed 66240K, reserved 73728K
}
Event: 218.674 GC heap before
{Heap before GC invocations=1130 (full 11):
 def new generation   total 314560K, used 279616K [0x05600000, 0x1ab50000, 0x1ab50000)
  eden space 279616K, 100% used [0x05600000, 0x16710000, 0x16710000)
  from space 34944K,   0% used [0x18930000, 0x18930000, 0x1ab50000)
  to   space 34944K,   0% used [0x16710000, 0x16710000, 0x18930000)
 tenured generation   total 699072K, used 517259K [0x1ab50000, 0x45600000, 0x45600000)
   the space 699072K,  73% used [0x1ab50000, 0x3a472e40, 0x3a473000, 0x45600000)
 Metaspace       used 65513K, committed 66240K, reserved 73728K
}
Event: 218.683 GC heap after
{Heap after GC invocations=1131 (full 11):
 def new generation   total 314560K, used 7621K [0x05600000, 0x1ab50000, 0x1ab50000)
  eden space 279616K,   0% used [0x05600000, 0x05600000, 0x16710000)
  from space 34944K,  21% used [0x16710000, 0x16e81578, 0x18930000)
  to   space 34944K,   0% used [0x18930000, 0x18930000, 0x1ab50000)
 tenured generation   total 699072K, used 517259K [0x1ab50000, 0x45600000, 0x45600000)
   the space 699072K,  73% used [0x1ab50000, 0x3a472e40, 0x3a473000, 0x45600000)
 Metaspace       used 65513K, committed 66240K, reserved 73728K
}
Event: 219.969 GC heap before
{Heap before GC invocations=1131 (full 11):
 def new generation   total 314560K, used 287237K [0x05600000, 0x1ab50000, 0x1ab50000)
  eden space 279616K, 100% used [0x05600000, 0x16710000, 0x16710000)
  from space 34944K,  21% used [0x16710000, 0x16e81578, 0x18930000)
  to   space 34944K,   0% used [0x18930000, 0x18930000, 0x1ab50000)
 tenured generation   total 699072K, used 517259K [0x1ab50000, 0x45600000, 0x45600000)
   the space 699072K,  73% used [0x1ab50000, 0x3a472e40, 0x3a473000, 0x45600000)
 Metaspace       used 65513K, committed 66240K, reserved 73728K
}
Event: 219.982 GC heap after
{Heap after GC invocations=1132 (full 11):
 def new generation   total 314560K, used 15515K [0x05600000, 0x1ab50000, 0x1ab50000)
  eden space 279616K,   0% used [0x05600000, 0x05600000, 0x16710000)
  from space 34944K,  44% used [0x18930000, 0x19856f98, 0x1ab50000)
  to   space 34944K,   0% used [0x16710000, 0x16710000, 0x18930000)
 tenured generation   total 699072K, used 517259K [0x1ab50000, 0x45600000, 0x45600000)
   the space 699072K,  73% used [0x1ab50000, 0x3a472e40, 0x3a473000, 0x45600000)
 Metaspace       used 65513K, committed 66240K, reserved 73728K
}
Event: 221.565 GC heap before
{Heap before GC invocations=1132 (full 11):
 def new generation   total 314560K, used 295131K [0x05600000, 0x1ab50000, 0x1ab50000)
  eden space 279616K, 100% used [0x05600000, 0x16710000, 0x16710000)
  from space 34944K,  44% used [0x18930000, 0x19856f98, 0x1ab50000)
  to   space 34944K,   0% used [0x16710000, 0x16710000, 0x18930000)
 tenured generation   total 699072K, used 517259K [0x1ab50000, 0x45600000, 0x45600000)
   the space 699072K,  73% used [0x1ab50000, 0x3a472e40, 0x3a473000, 0x45600000)
 Metaspace       used 65513K, committed 66240K, reserved 73728K
}
Event: 221.585 GC heap after
{Heap after GC invocations=1133 (full 11):
 def new generation   total 314560K, used 25227K [0x05600000, 0x1ab50000, 0x1ab50000)
  eden space 279616K,   0% used [0x05600000, 0x05600000, 0x16710000)
  from space 34944K,  72% used [0x16710000, 0x17fb2ca0, 0x18930000)
  to   space 34944K,   0% used [0x18930000, 0x18930000, 0x1ab50000)
 tenured generation   total 699072K, used 517259K [0x1ab50000, 0x45600000, 0x45600000)
   the space 699072K,  73% used [0x1ab50000, 0x3a472e40, 0x3a473000, 0x45600000)
 Metaspace       used 65513K, committed 66240K, reserved 73728K
}
Event: 223.119 GC heap before
{Heap before GC invocations=1133 (full 11):
 def new generation   total 314560K, used 304843K [0x05600000, 0x1ab50000, 0x1ab50000)
  eden space 279616K, 100% used [0x05600000, 0x16710000, 0x16710000)
  from space 34944K,  72% used [0x16710000, 0x17fb2ca0, 0x18930000)
  to   space 34944K,   0% used [0x18930000, 0x18930000, 0x1ab50000)
 tenured generation   total 699072K, used 517259K [0x1ab50000, 0x45600000, 0x45600000)
   the space 699072K,  73% used [0x1ab50000, 0x3a472e40, 0x3a473000, 0x45600000)
 Metaspace       used 65774K, committed 66496K, reserved 73728K
}
Event: 223.151 GC heap after
{Heap after GC invocations=1134 (full 11):
 def new generation   total 314560K, used 23141K [0x05600000, 0x1ab50000, 0x1ab50000)
  eden space 279616K,   0% used [0x05600000, 0x05600000, 0x16710000)
  from space 34944K,  66% used [0x18930000, 0x19fc9428, 0x1ab50000)
  to   space 34944K,   0% used [0x16710000, 0x16710000, 0x18930000)
 tenured generation   total 699072K, used 532701K [0x1ab50000, 0x45600000, 0x45600000)
   the space 699072K,  76% used [0x1ab50000, 0x3b387558, 0x3b387600, 0x45600000)
 Metaspace       used 65774K, committed 66496K, reserved 73728K
}
Event: 223.546 GC heap before
{Heap before GC invocations=1134 (full 11):
 def new generation   total 314560K, used 163291K [0x05600000, 0x1ab50000, 0x1ab50000)
  eden space 279616K,  50% used [0x05600000, 0x0deddb30, 0x16710000)
  from space 34944K,  66% used [0x18930000, 0x19fc9428, 0x1ab50000)
  to   space 34944K,   0% used [0x16710000, 0x16710000, 0x18930000)
 tenured generation   total 699072K, used 532701K [0x1ab50000, 0x45600000, 0x45600000)
   the space 699072K,  76% used [0x1ab50000, 0x3b387558, 0x3b387600, 0x45600000)
 Metaspace       used 66445K, committed 67264K, reserved 73728K
}
Event: 224.509 GC heap after
{Heap after GC invocations=1135 (full 12):
 def new generation   total 314560K, used 0K [0x05600000, 0x1ab50000, 0x1ab50000)
  eden space 279616K,   0% used [0x05600000, 0x05600000, 0x16710000)
  from space 34944K,   0% used [0x18930000, 0x18930000, 0x1ab50000)
  to   space 34944K,   0% used [0x16710000, 0x16710000, 0x18930000)
 tenured generation   total 699072K, used 525629K [0x1ab50000, 0x45600000, 0x45600000)
   the space 699072K,  75% used [0x1ab50000, 0x3ac9f788, 0x3ac9f800, 0x45600000)
 Metaspace       used 66445K, committed 67264K, reserved 73728K
}

